<?xml version="1.0" encoding="UTF-8"?>
<testng-results ignored="0" total="2" passed="2" failed="0" skipped="0">
  <reporter-output>
  </reporter-output>
  <suite started-at="2021-10-21T17:14:22Z" name="Default suite" finished-at="2021-10-21T17:14:47Z" duration-ms="24439">
    <groups>
    </groups>
    <test started-at="2021-10-21T17:14:22Z" name="Default test" finished-at="2021-10-21T17:14:47Z" duration-ms="24439">
      <class name="testing_Maven.WebApp_Test">
        <test-method is-config="true" signature="launchApp()[pri:0, instance:testing_Maven.WebApp_Test@3e27aa33]" started-at="2021-10-21T17:14:22Z" name="launchApp" finished-at="2021-10-21T17:14:42Z" duration-ms="20130" status="PASS">
          <reporter-output>
          </reporter-output>
        </test-method> <!-- launchApp -->
        <test-method signature="loginIntoApp()[pri:0, instance:testing_Maven.WebApp_Test@3e27aa33]" started-at="2021-10-21T17:14:42Z" name="loginIntoApp" finished-at="2021-10-21T17:14:45Z" duration-ms="2930" status="PASS">
          <reporter-output>
          </reporter-output>
        </test-method> <!-- loginIntoApp -->
        <test-method signature="logoutFromApp()[pri:0, instance:testing_Maven.WebApp_Test@3e27aa33]" started-at="2021-10-21T17:14:45Z" name="logoutFromApp" finished-at="2021-10-21T17:14:47Z" duration-ms="1286" status="PASS">
          <reporter-output>
          </reporter-output>
        </test-method> <!-- logoutFromApp -->
        <test-method is-config="true" signature="closeApp()[pri:0, instance:testing_Maven.WebApp_Test@3e27aa33]" started-at="2021-10-21T17:14:47Z" name="closeApp" finished-at="2021-10-21T17:14:47Z" duration-ms="68" status="PASS">
          <reporter-output>
          </reporter-output>
        </test-method> <!-- closeApp -->
      </class> <!-- testing_Maven.WebApp_Test -->
    </test> <!-- Default test -->
  </suite> <!-- Default suite -->
</testng-results>
